{"C:\\Users\\Vinicius Delmo\\Desktop\\Rethink Academy\\exercises\\fakeStoreAPI\\index.js": {"path":"C:\\Users\\Vinicius Delmo\\Desktop\\Rethink Academy\\exercises\\fakeStoreAPI\\index.js","statementMap":{"0":{"start":{"line":1,"column":15},"end":{"line":1,"column":50}},"1":{"start":{"line":5,"column":24},"end":{"line":13,"column":1}},"2":{"start":{"line":6,"column":2},"end":{"line":12,"column":3}},"3":{"start":{"line":7,"column":16},"end":{"line":7,"column":35}},"4":{"start":{"line":8,"column":17},"end":{"line":8,"column":33}},"5":{"start":{"line":9,"column":4},"end":{"line":9,"column":16}},"6":{"start":{"line":11,"column":4},"end":{"line":11,"column":24}},"7":{"start":{"line":18,"column":24},"end":{"line":26,"column":1}},"8":{"start":{"line":19,"column":2},"end":{"line":25,"column":3}},"9":{"start":{"line":20,"column":16},"end":{"line":20,"column":46}},"10":{"start":{"line":21,"column":17},"end":{"line":21,"column":33}},"11":{"start":{"line":22,"column":4},"end":{"line":22,"column":16}},"12":{"start":{"line":24,"column":4},"end":{"line":24,"column":24}},"13":{"start":{"line":31,"column":26},"end":{"line":39,"column":1}},"14":{"start":{"line":32,"column":2},"end":{"line":38,"column":3}},"15":{"start":{"line":33,"column":16},"end":{"line":33,"column":51}},"16":{"start":{"line":34,"column":17},"end":{"line":34,"column":33}},"17":{"start":{"line":35,"column":4},"end":{"line":35,"column":16}},"18":{"start":{"line":37,"column":4},"end":{"line":37,"column":24}},"19":{"start":{"line":44,"column":35},"end":{"line":52,"column":1}},"20":{"start":{"line":45,"column":2},"end":{"line":51,"column":3}},"21":{"start":{"line":46,"column":16},"end":{"line":46,"column":61}},"22":{"start":{"line":47,"column":17},"end":{"line":47,"column":33}},"23":{"start":{"line":48,"column":4},"end":{"line":48,"column":16}},"24":{"start":{"line":50,"column":4},"end":{"line":50,"column":24}},"25":{"start":{"line":56,"column":35},"end":{"line":67,"column":1}},"26":{"start":{"line":57,"column":2},"end":{"line":66,"column":3}},"27":{"start":{"line":58,"column":16},"end":{"line":58,"column":35}},"28":{"start":{"line":59,"column":17},"end":{"line":59,"column":33}},"29":{"start":{"line":60,"column":35},"end":{"line":62,"column":5}},"30":{"start":{"line":61,"column":17},"end":{"line":61,"column":40}},"31":{"start":{"line":63,"column":4},"end":{"line":63,"column":34}},"32":{"start":{"line":65,"column":4},"end":{"line":65,"column":24}},"33":{"start":{"line":73,"column":33},"end":{"line":86,"column":1}},"34":{"start":{"line":74,"column":2},"end":{"line":85,"column":3}},"35":{"start":{"line":75,"column":16},"end":{"line":75,"column":35}},"36":{"start":{"line":76,"column":17},"end":{"line":76,"column":33}},"37":{"start":{"line":77,"column":33},"end":{"line":81,"column":6}},"38":{"start":{"line":78,"column":6},"end":{"line":80,"column":21}},"39":{"start":{"line":82,"column":4},"end":{"line":82,"column":32}},"40":{"start":{"line":84,"column":4},"end":{"line":84,"column":24}},"41":{"start":{"line":91,"column":33},"end":{"line":102,"column":1}},"42":{"start":{"line":92,"column":2},"end":{"line":101,"column":3}},"43":{"start":{"line":93,"column":16},"end":{"line":93,"column":35}},"44":{"start":{"line":94,"column":17},"end":{"line":94,"column":33}},"45":{"start":{"line":95,"column":19},"end":{"line":95,"column":53}},"46":{"start":{"line":95,"column":39},"end":{"line":95,"column":52}},"47":{"start":{"line":96,"column":22},"end":{"line":96,"column":71}},"48":{"start":{"line":96,"column":54},"end":{"line":96,"column":67}},"49":{"start":{"line":97,"column":26},"end":{"line":97,"column":49}},"50":{"start":{"line":98,"column":4},"end":{"line":98,"column":25}},"51":{"start":{"line":100,"column":4},"end":{"line":100,"column":24}},"52":{"start":{"line":107,"column":33},"end":{"line":123,"column":1}},"53":{"start":{"line":108,"column":2},"end":{"line":122,"column":3}},"54":{"start":{"line":109,"column":16},"end":{"line":109,"column":35}},"55":{"start":{"line":110,"column":17},"end":{"line":110,"column":33}},"56":{"start":{"line":111,"column":33},"end":{"line":118,"column":5}},"57":{"start":{"line":113,"column":8},"end":{"line":115,"column":24}},"58":{"start":{"line":119,"column":4},"end":{"line":119,"column":32}},"59":{"start":{"line":121,"column":4},"end":{"line":121,"column":24}},"60":{"start":{"line":126,"column":29},"end":{"line":139,"column":1}},"61":{"start":{"line":127,"column":2},"end":{"line":138,"column":3}},"62":{"start":{"line":128,"column":16},"end":{"line":128,"column":35}},"63":{"start":{"line":129,"column":17},"end":{"line":129,"column":33}},"64":{"start":{"line":130,"column":29},"end":{"line":134,"column":15}},"65":{"start":{"line":131,"column":6},"end":{"line":133,"column":24}},"66":{"start":{"line":135,"column":4},"end":{"line":135,"column":28}},"67":{"start":{"line":137,"column":4},"end":{"line":137,"column":24}}},"fnMap":{"0":{"name":"(anonymous_0)","decl":{"start":{"line":5,"column":24},"end":{"line":5,"column":25}},"loc":{"start":{"line":5,"column":36},"end":{"line":13,"column":1}},"line":5},"1":{"name":"(anonymous_1)","decl":{"start":{"line":18,"column":24},"end":{"line":18,"column":25}},"loc":{"start":{"line":18,"column":36},"end":{"line":26,"column":1}},"line":18},"2":{"name":"(anonymous_2)","decl":{"start":{"line":31,"column":26},"end":{"line":31,"column":27}},"loc":{"start":{"line":31,"column":38},"end":{"line":39,"column":1}},"line":31},"3":{"name":"(anonymous_3)","decl":{"start":{"line":44,"column":35},"end":{"line":44,"column":36}},"loc":{"start":{"line":44,"column":53},"end":{"line":52,"column":1}},"line":44},"4":{"name":"(anonymous_4)","decl":{"start":{"line":56,"column":35},"end":{"line":56,"column":36}},"loc":{"start":{"line":56,"column":47},"end":{"line":67,"column":1}},"line":56},"5":{"name":"(anonymous_5)","decl":{"start":{"line":61,"column":6},"end":{"line":61,"column":7}},"loc":{"start":{"line":61,"column":17},"end":{"line":61,"column":40}},"line":61},"6":{"name":"(anonymous_6)","decl":{"start":{"line":73,"column":33},"end":{"line":73,"column":34}},"loc":{"start":{"line":73,"column":45},"end":{"line":86,"column":1}},"line":73},"7":{"name":"(anonymous_7)","decl":{"start":{"line":77,"column":45},"end":{"line":77,"column":46}},"loc":{"start":{"line":77,"column":70},"end":{"line":81,"column":5}},"line":77},"8":{"name":"(anonymous_8)","decl":{"start":{"line":91,"column":33},"end":{"line":91,"column":34}},"loc":{"start":{"line":91,"column":45},"end":{"line":102,"column":1}},"line":91},"9":{"name":"(anonymous_9)","decl":{"start":{"line":95,"column":28},"end":{"line":95,"column":29}},"loc":{"start":{"line":95,"column":39},"end":{"line":95,"column":52}},"line":95},"10":{"name":"(anonymous_10)","decl":{"start":{"line":96,"column":36},"end":{"line":96,"column":37}},"loc":{"start":{"line":96,"column":54},"end":{"line":96,"column":67}},"line":96},"11":{"name":"(anonymous_11)","decl":{"start":{"line":107,"column":33},"end":{"line":107,"column":34}},"loc":{"start":{"line":107,"column":45},"end":{"line":123,"column":1}},"line":107},"12":{"name":"(anonymous_12)","decl":{"start":{"line":112,"column":6},"end":{"line":112,"column":7}},"loc":{"start":{"line":112,"column":41},"end":{"line":116,"column":7}},"line":112},"13":{"name":"(anonymous_13)","decl":{"start":{"line":126,"column":29},"end":{"line":126,"column":30}},"loc":{"start":{"line":126,"column":41},"end":{"line":139,"column":1}},"line":126},"14":{"name":"(anonymous_14)","decl":{"start":{"line":130,"column":41},"end":{"line":130,"column":42}},"loc":{"start":{"line":130,"column":74},"end":{"line":134,"column":5}},"line":130}},"branchMap":{"0":{"loc":{"start":{"line":78,"column":13},"end":{"line":80,"column":20}},"type":"cond-expr","locations":[{"start":{"line":79,"column":10},"end":{"line":79,"column":17}},{"start":{"line":80,"column":10},"end":{"line":80,"column":20}}],"line":78},"1":{"loc":{"start":{"line":113,"column":15},"end":{"line":115,"column":23}},"type":"cond-expr","locations":[{"start":{"line":114,"column":12},"end":{"line":114,"column":28}},{"start":{"line":115,"column":12},"end":{"line":115,"column":23}}],"line":113},"2":{"loc":{"start":{"line":131,"column":13},"end":{"line":133,"column":23}},"type":"cond-expr","locations":[{"start":{"line":132,"column":10},"end":{"line":132,"column":22}},{"start":{"line":133,"column":10},"end":{"line":133,"column":23}}],"line":131}},"s":{"0":1,"1":1,"2":2,"3":2,"4":1,"5":1,"6":1,"7":1,"8":2,"9":2,"10":2,"11":1,"12":1,"13":1,"14":2,"15":2,"16":1,"17":1,"18":1,"19":1,"20":2,"21":2,"22":2,"23":2,"24":0,"25":1,"26":2,"27":2,"28":1,"29":1,"30":20,"31":1,"32":1,"33":1,"34":2,"35":2,"36":1,"37":1,"38":19,"39":1,"40":1,"41":1,"42":2,"43":2,"44":1,"45":1,"46":20,"47":1,"48":20,"49":1,"50":1,"51":1,"52":1,"53":2,"54":2,"55":1,"56":1,"57":20,"58":1,"59":1,"60":1,"61":0,"62":0,"63":0,"64":0,"65":0,"66":0,"67":0},"f":{"0":2,"1":2,"2":2,"3":2,"4":2,"5":20,"6":2,"7":19,"8":2,"9":20,"10":20,"11":2,"12":20,"13":0,"14":0},"b":{"0":[3,16],"1":[17,3],"2":[0,0]},"_coverageSchema":"1a1c01bbd47fc00a2c39e90264f33305004495a9","hash":"d70a02df393ccb16addae4d85aa93cebd5f5aa23"}
}
