TN:
SF:index.js
FN:5,(anonymous_0)
FN:18,(anonymous_1)
FN:31,(anonymous_2)
FN:44,(anonymous_3)
FN:56,(anonymous_4)
FN:61,(anonymous_5)
FN:73,(anonymous_6)
FN:77,(anonymous_7)
FN:91,(anonymous_8)
FN:95,(anonymous_9)
FN:96,(anonymous_10)
FN:107,(anonymous_11)
FN:112,(anonymous_12)
FN:126,(anonymous_13)
FN:130,(anonymous_14)
FNF:15
FNH:15
FNDA:2,(anonymous_0)
FNDA:3,(anonymous_1)
FNDA:2,(anonymous_2)
FNDA:3,(anonymous_3)
FNDA:2,(anonymous_4)
FNDA:20,(anonymous_5)
FNDA:2,(anonymous_6)
FNDA:19,(anonymous_7)
FNDA:2,(anonymous_8)
FNDA:20,(anonymous_9)
FNDA:20,(anonymous_10)
FNDA:2,(anonymous_11)
FNDA:20,(anonymous_12)
FNDA:2,(anonymous_13)
FNDA:20,(anonymous_14)
DA:1,1
DA:5,1
DA:6,2
DA:7,2
DA:8,1
DA:9,1
DA:11,1
DA:18,1
DA:19,3
DA:20,3
DA:21,2
DA:22,1
DA:24,2
DA:31,1
DA:32,2
DA:33,2
DA:34,1
DA:35,1
DA:37,1
DA:44,1
DA:45,3
DA:46,3
DA:47,2
DA:48,2
DA:50,1
DA:56,1
DA:57,2
DA:58,2
DA:59,1
DA:60,1
DA:61,20
DA:63,1
DA:65,1
DA:73,1
DA:74,2
DA:75,2
DA:76,1
DA:77,1
DA:78,19
DA:82,1
DA:84,1
DA:91,1
DA:92,2
DA:93,2
DA:94,1
DA:95,20
DA:96,20
DA:97,1
DA:98,1
DA:100,1
DA:107,1
DA:108,2
DA:109,2
DA:110,1
DA:111,1
DA:113,20
DA:119,1
DA:121,1
DA:126,1
DA:127,2
DA:128,2
DA:129,1
DA:130,1
DA:131,20
DA:135,1
DA:137,1
LF:66
LH:66
BRDA:78,0,0,3
BRDA:78,0,1,16
BRDA:113,1,0,17
BRDA:113,1,1,3
BRDA:131,2,0,14
BRDA:131,2,1,6
BRF:6
BRH:6
end_of_record
